<?xml version="1.0" encoding="UTF-8"?>
<testng-results ignored="0" total="2" passed="0" failed="2" skipped="0">
  <reporter-output>
    <line>
      <![CDATA[<br>]]>
    </line>
    <line>
      <![CDATA[Verification failure : expected [abc] but found [xyz]]]>
    </line>
    <line>
      <![CDATA[<br>]]>
    </line>
    <line>
      <![CDATA[<a target="_blank" href=Mon_Feb_17_13_28_28_EET_2020.jpg><img src="Mon_Feb_17_13_28_28_EET_2020.jpg" height=200 width=200></img></a>]]>
    </line>
    <line>
      <![CDATA[<br>]]>
    </line>
    <line>
      <![CDATA[<br>]]>
    </line>
    <line>
      <![CDATA[Login Succeded TestNG]]>
    </line>
    <line>
      <![CDATA[<a target="_blank" href="C:\Users\m.yousaf\Pictures\2019-12-15_1650.png">Screenshot</a>]]>
    </line>
    <line>
      <![CDATA[<br>]]>
    </line>
    <line>
      <![CDATA[<a target="_blank" href="C:\Users\m.yousaf\Pictures\2019-12-15_1650.png"><img src="C:\Users\m.yousaf\Pictures\2019-12-15_1650.png" height=200 width=200></img></a>]]>
    </line>
    <line>
      <![CDATA[Click to see full Screenshot]]>
    </line>
    <line>
      <![CDATA[<a target="_blank" href=Mon_Feb_17_13_28_32_EET_2020.jpg>Screenshot</a>]]>
    </line>
    <line>
      <![CDATA[<br>]]>
    </line>
    <line>
      <![CDATA[<br>]]>
    </line>
    <line>
      <![CDATA[<a target="_blank" href=Mon_Feb_17_13_28_32_EET_2020.jpg><img src="Mon_Feb_17_13_28_32_EET_2020.jpg" height=200 width=200></img></a>]]>
    </line>
    <line>
      <![CDATA[Click to see full Screenshot]]>
    </line>
    <line>
      <![CDATA[<a target="_blank" href=Mon_Feb_17_13_28_33_EET_2020.jpg>Screenshot</a>]]>
    </line>
    <line>
      <![CDATA[<br>]]>
    </line>
    <line>
      <![CDATA[<br>]]>
    </line>
    <line>
      <![CDATA[<a target="_blank" href=Mon_Feb_17_13_28_33_EET_2020.jpg><img src="Mon_Feb_17_13_28_33_EET_2020.jpg" height=200 width=200></img></a>]]>
    </line>
  </reporter-output>
  <suite started-at="2020-02-17T13:28:28 EET" name="Data Driven Basics" finished-at="2020-02-17T13:28:33 EET" duration-ms="5916">
    <groups>
    </groups>
    <test started-at="2020-02-17T13:28:28 EET" name="Bank Manager Login Test" finished-at="2020-02-17T13:28:33 EET" duration-ms="4953">
      <class name="com.w2a.testcases.BankManagerLoginTest">
        <test-method signature="loginBankManager()[pri:0, instance:com.w2a.testcases.BankManagerLoginTest@1199fe66]" started-at="2020-02-17T13:28:28 EET" name="loginBankManager" finished-at="2020-02-17T13:28:32 EET" duration-ms="4438" status="FAIL">
          <exception class="java.lang.AssertionError">
            <message>
              <![CDATA[Test Failed Intentially]]>
            </message>
            <full-stacktrace>
              <![CDATA[java.lang.AssertionError: Test Failed Intentially
at org.testng.Assert.fail(Assert.java:97)
at com.w2a.testcases.BankManagerLoginTest.loginBankManager(BankManagerLoginTest.java:35)
at java.base/jdk.internal.reflect.NativeMethodAccessorImpl.invoke0(Native Method)
at java.base/jdk.internal.reflect.NativeMethodAccessorImpl.invoke(NativeMethodAccessorImpl.java:62)
at java.base/jdk.internal.reflect.DelegatingMethodAccessorImpl.invoke(DelegatingMethodAccessorImpl.java:43)
at java.base/java.lang.reflect.Method.invoke(Method.java:567)
at org.testng.internal.MethodInvocationHelper.invokeMethod(MethodInvocationHelper.java:134)
at org.testng.internal.TestInvoker.invokeMethod(TestInvoker.java:597)
at org.testng.internal.TestInvoker.invokeTestMethod(TestInvoker.java:173)
at org.testng.internal.MethodRunner.runInSequence(MethodRunner.java:46)
at org.testng.internal.TestInvoker$MethodInvocationAgent.invoke(TestInvoker.java:816)
at org.testng.internal.TestInvoker.invokeTestMethods(TestInvoker.java:146)
at org.testng.internal.TestMethodWorker.invokeTestMethods(TestMethodWorker.java:146)
at org.testng.internal.TestMethodWorker.run(TestMethodWorker.java:128)
at java.base/java.util.ArrayList.forEach(ArrayList.java:1507)
at org.testng.TestRunner.privateRun(TestRunner.java:766)
at org.testng.TestRunner.run(TestRunner.java:587)
at org.testng.SuiteRunner.runTest(SuiteRunner.java:384)
at org.testng.SuiteRunner.runSequentially(SuiteRunner.java:378)
at org.testng.SuiteRunner.privateRun(SuiteRunner.java:337)
at org.testng.SuiteRunner.run(SuiteRunner.java:286)
at org.testng.SuiteRunnerWorker.runSuite(SuiteRunnerWorker.java:53)
at org.testng.SuiteRunnerWorker.run(SuiteRunnerWorker.java:96)
at org.testng.TestNG.runSuitesSequentially(TestNG.java:1187)
at org.testng.TestNG.runSuitesLocally(TestNG.java:1109)
at org.testng.TestNG.runSuites(TestNG.java:1039)
at org.testng.TestNG.run(TestNG.java:1007)
at org.apache.maven.surefire.testng.TestNGExecutor.run(TestNGExecutor.java:283)
at org.apache.maven.surefire.testng.TestNGXmlTestSuite.execute(TestNGXmlTestSuite.java:75)
at org.apache.maven.surefire.testng.TestNGProvider.invoke(TestNGProvider.java:120)
at org.apache.maven.surefire.booter.ForkedBooter.invokeProviderInSameClassLoader(ForkedBooter.java:384)
at org.apache.maven.surefire.booter.ForkedBooter.runSuitesInProcess(ForkedBooter.java:345)
at org.apache.maven.surefire.booter.ForkedBooter.execute(ForkedBooter.java:126)
at org.apache.maven.surefire.booter.ForkedBooter.main(ForkedBooter.java:418)
]]>
            </full-stacktrace>
          </exception> <!-- java.lang.AssertionError -->
          <reporter-output>
            <line>
              <![CDATA[<br>]]>
            </line>
            <line>
              <![CDATA[Verification failure : expected [abc] but found [xyz]]]>
            </line>
            <line>
              <![CDATA[<br>]]>
            </line>
            <line>
              <![CDATA[<a target="_blank" href=Mon_Feb_17_13_28_28_EET_2020.jpg><img src="Mon_Feb_17_13_28_28_EET_2020.jpg" height=200 width=200></img></a>]]>
            </line>
            <line>
              <![CDATA[<br>]]>
            </line>
            <line>
              <![CDATA[<br>]]>
            </line>
            <line>
              <![CDATA[Login Succeded TestNG]]>
            </line>
            <line>
              <![CDATA[<a target="_blank" href="C:\Users\m.yousaf\Pictures\2019-12-15_1650.png">Screenshot</a>]]>
            </line>
            <line>
              <![CDATA[<br>]]>
            </line>
            <line>
              <![CDATA[<a target="_blank" href="C:\Users\m.yousaf\Pictures\2019-12-15_1650.png"><img src="C:\Users\m.yousaf\Pictures\2019-12-15_1650.png" height=200 width=200></img></a>]]>
            </line>
            <line>
              <![CDATA[Click to see full Screenshot]]>
            </line>
            <line>
              <![CDATA[<a target="_blank" href=Mon_Feb_17_13_28_32_EET_2020.jpg>Screenshot</a>]]>
            </line>
            <line>
              <![CDATA[<br>]]>
            </line>
            <line>
              <![CDATA[<br>]]>
            </line>
            <line>
              <![CDATA[<a target="_blank" href=Mon_Feb_17_13_28_32_EET_2020.jpg><img src="Mon_Feb_17_13_28_32_EET_2020.jpg" height=200 width=200></img></a>]]>
            </line>
          </reporter-output>
        </test-method> <!-- loginBankManager -->
      </class> <!-- com.w2a.testcases.BankManagerLoginTest -->
    </test> <!-- Bank Manager Login Test -->
    <test started-at="2020-02-17T13:28:33 EET" name="Add Customer Test" finished-at="2020-02-17T13:28:33 EET" duration-ms="938">
      <class name="com.w2a.testcases.AddCustomerTest">
        <test-method is-config="true" signature="setup()[pri:0, instance:com.w2a.testcases.AddCustomerTest@44b3606b]" started-at="2020-02-17T13:28:17 EET" name="setup" finished-at="2020-02-17T13:28:28 EET" duration-ms="10771" status="PASS">
          <reporter-output>
          </reporter-output>
        </test-method> <!-- setup -->
        <test-method signature="AddCustomerTest(java.lang.String, java.lang.String, java.lang.String, java.lang.String)[pri:0, instance:com.w2a.testcases.AddCustomerTest@44b3606b]" started-at="2020-02-17T13:28:33 EET" name="AddCustomerTest" data-provider="dp" finished-at="2020-02-17T13:28:33 EET" duration-ms="514" status="FAIL">
          <params>
            <param index="0">
              <value>
                <![CDATA[Mohamed]]>
              </value>
            </param>
            <param index="1">
              <value>
                <![CDATA[Youssef]]>
              </value>
            </param>
            <param index="2">
              <value>
                <![CDATA[11725.0]]>
              </value>
            </param>
            <param index="3">
              <value>
                <![CDATA[Customer added successfully]]>
              </value>
            </param>
          </params>
          <exception class="java.lang.AssertionError">
            <message>
              <![CDATA[ Test Failed Intentially ]]>
            </message>
            <full-stacktrace>
              <![CDATA[java.lang.AssertionError:  Test Failed Intentially 
at org.testng.Assert.fail(Assert.java:97)
at com.w2a.testcases.AddCustomerTest.AddCustomerTest(AddCustomerTest.java:32)
at java.base/jdk.internal.reflect.NativeMethodAccessorImpl.invoke0(Native Method)
at java.base/jdk.internal.reflect.NativeMethodAccessorImpl.invoke(NativeMethodAccessorImpl.java:62)
at java.base/jdk.internal.reflect.DelegatingMethodAccessorImpl.invoke(DelegatingMethodAccessorImpl.java:43)
at java.base/java.lang.reflect.Method.invoke(Method.java:567)
at org.testng.internal.MethodInvocationHelper.invokeMethod(MethodInvocationHelper.java:134)
at org.testng.internal.TestInvoker.invokeMethod(TestInvoker.java:597)
at org.testng.internal.TestInvoker.invokeTestMethod(TestInvoker.java:173)
at org.testng.internal.MethodRunner.runInSequence(MethodRunner.java:46)
at org.testng.internal.TestInvoker$MethodInvocationAgent.invoke(TestInvoker.java:816)
at org.testng.internal.TestInvoker.invokeTestMethods(TestInvoker.java:146)
at org.testng.internal.TestMethodWorker.invokeTestMethods(TestMethodWorker.java:146)
at org.testng.internal.TestMethodWorker.run(TestMethodWorker.java:128)
at java.base/java.util.ArrayList.forEach(ArrayList.java:1507)
at org.testng.TestRunner.privateRun(TestRunner.java:766)
at org.testng.TestRunner.run(TestRunner.java:587)
at org.testng.SuiteRunner.runTest(SuiteRunner.java:384)
at org.testng.SuiteRunner.runSequentially(SuiteRunner.java:378)
at org.testng.SuiteRunner.privateRun(SuiteRunner.java:337)
at org.testng.SuiteRunner.run(SuiteRunner.java:286)
at org.testng.SuiteRunnerWorker.runSuite(SuiteRunnerWorker.java:53)
at org.testng.SuiteRunnerWorker.run(SuiteRunnerWorker.java:96)
at org.testng.TestNG.runSuitesSequentially(TestNG.java:1187)
at org.testng.TestNG.runSuitesLocally(TestNG.java:1109)
at org.testng.TestNG.runSuites(TestNG.java:1039)
at org.testng.TestNG.run(TestNG.java:1007)
at org.apache.maven.surefire.testng.TestNGExecutor.run(TestNGExecutor.java:283)
at org.apache.maven.surefire.testng.TestNGXmlTestSuite.execute(TestNGXmlTestSuite.java:75)
at org.apache.maven.surefire.testng.TestNGProvider.invoke(TestNGProvider.java:120)
at org.apache.maven.surefire.booter.ForkedBooter.invokeProviderInSameClassLoader(ForkedBooter.java:384)
at org.apache.maven.surefire.booter.ForkedBooter.runSuitesInProcess(ForkedBooter.java:345)
at org.apache.maven.surefire.booter.ForkedBooter.execute(ForkedBooter.java:126)
at org.apache.maven.surefire.booter.ForkedBooter.main(ForkedBooter.java:418)
]]>
            </full-stacktrace>
          </exception> <!-- java.lang.AssertionError -->
          <reporter-output>
            <line>
              <![CDATA[Click to see full Screenshot]]>
            </line>
            <line>
              <![CDATA[<a target="_blank" href=Mon_Feb_17_13_28_33_EET_2020.jpg>Screenshot</a>]]>
            </line>
            <line>
              <![CDATA[<br>]]>
            </line>
            <line>
              <![CDATA[<br>]]>
            </line>
            <line>
              <![CDATA[<a target="_blank" href=Mon_Feb_17_13_28_33_EET_2020.jpg><img src="Mon_Feb_17_13_28_33_EET_2020.jpg" height=200 width=200></img></a>]]>
            </line>
          </reporter-output>
        </test-method> <!-- AddCustomerTest -->
        <test-method is-config="true" signature="teardown()[pri:0, instance:com.w2a.testcases.AddCustomerTest@44b3606b]" started-at="2020-02-17T13:28:34 EET" name="teardown" finished-at="2020-02-17T13:28:34 EET" duration-ms="736" status="PASS">
          <reporter-output>
          </reporter-output>
        </test-method> <!-- teardown -->
      </class> <!-- com.w2a.testcases.AddCustomerTest -->
    </test> <!-- Add Customer Test -->
  </suite> <!-- Data Driven Basics -->
</testng-results>
